<?xml version="1.0" encoding="UTF-8"?>
<testng-results skipped="0" failed="1" total="1" passed="0">
  <reporter-output>
  </reporter-output>
  <suite name="Default suite" duration-ms="49486" started-at="2016-05-25T01:47:21Z" finished-at="2016-05-25T01:48:11Z">
    <groups>
    </groups>
    <test name="Default test" duration-ms="49486" started-at="2016-05-25T01:47:21Z" finished-at="2016-05-25T01:48:11Z">
      <class name="testcases.TC04_EditLead">
        <test-method status="PASS" signature="beforeSuite()[pri:0, instance:testcases.TC04_EditLead@16e8792]" name="beforeSuite" is-config="true" duration-ms="713" started-at="2016-05-25T07:17:20Z" finished-at="2016-05-25T07:17:21Z">
          <reporter-output>
          </reporter-output>
        </test-method> <!-- beforeSuite -->
        <test-method status="PASS" signature="beforeTest()[pri:0, instance:testcases.TC04_EditLead@16e8792]" name="beforeTest" is-config="true" duration-ms="0" started-at="2016-05-25T07:17:21Z" finished-at="2016-05-25T07:17:21Z">
          <reporter-output>
          </reporter-output>
        </test-method> <!-- beforeTest -->
        <test-method status="PASS" signature="setData()[pri:0, instance:testcases.TC04_EditLead@16e8792]" name="setData" is-config="true" duration-ms="0" started-at="2016-05-25T07:17:21Z" finished-at="2016-05-25T07:17:21Z">
          <reporter-output>
          </reporter-output>
        </test-method> <!-- setData -->
        <test-method status="PASS" signature="beforeMethod()[pri:0, instance:testcases.TC04_EditLead@16e8792]" name="beforeMethod" is-config="true" duration-ms="23679" started-at="2016-05-25T07:17:22Z" finished-at="2016-05-25T07:17:46Z">
          <reporter-output>
          </reporter-output>
        </test-method> <!-- beforeMethod -->
        <test-method status="FAIL" signature="login(java.lang.String, java.lang.String, java.lang.String, java.lang.String, java.lang.String)[pri:0, instance:testcases.TC04_EditLead@16e8792]" name="login" duration-ms="19057" started-at="2016-05-25T07:17:46Z" data-provider="fetchData" finished-at="2016-05-25T07:18:05Z">
          <params>
            <param index="0">
              <value>
                <![CDATA[DemoSalesManager]]>
              </value>
            </param>
            <param index="1">
              <value>
                <![CDATA[crmsfa]]>
              </value>
            </param>
            <param index="2">
              <value>
                <![CDATA[Rohith]]>
              </value>
            </param>
            <param index="3">
              <value>
                <![CDATA[Nandakumar]]>
              </value>
            </param>
            <param index="4">
              <value>
                <![CDATA[Rohith]]>
              </value>
            </param>
          </params>
          <exception class="java.lang.RuntimeException">
            <message>
              <![CDATA[FAILED]]>
            </message>
            <full-stacktrace>
              <![CDATA[java.lang.RuntimeException: FAILED
	at utils.Reporter.reportStep(Reporter.java:38)
	at pages.MyLeadspage.<init>(MyLeadspage.java:10)
	at pages.CRMHomePage.clicklead(CRMHomePage.java:17)
	at testcases.TC04_EditLead.login(TC04_EditLead.java:28)
	at sun.reflect.NativeMethodAccessorImpl.invoke0(Native Method)
	at sun.reflect.NativeMethodAccessorImpl.invoke(Unknown Source)
	at sun.reflect.DelegatingMethodAccessorImpl.invoke(Unknown Source)
	at java.lang.reflect.Method.invoke(Unknown Source)
	at org.testng.internal.MethodInvocationHelper.invokeMethod(MethodInvocationHelper.java:85)
	at org.testng.internal.Invoker.invokeMethod(Invoker.java:639)
	at org.testng.internal.Invoker.invokeTestMethod(Invoker.java:816)
	at org.testng.internal.Invoker.invokeTestMethods(Invoker.java:1124)
	at org.testng.internal.TestMethodWorker.invokeTestMethods(TestMethodWorker.java:124)
	at org.testng.internal.TestMethodWorker.run(TestMethodWorker.java:108)
	at org.testng.TestRunner.privateRun(TestRunner.java:773)
	at org.testng.TestRunner.run(TestRunner.java:623)
	at org.testng.SuiteRunner.runTest(SuiteRunner.java:359)
	at org.testng.SuiteRunner.runSequentially(SuiteRunner.java:354)
	at org.testng.SuiteRunner.privateRun(SuiteRunner.java:312)
	at org.testng.SuiteRunner.run(SuiteRunner.java:261)
	at org.testng.SuiteRunnerWorker.runSuite(SuiteRunnerWorker.java:52)
	at org.testng.SuiteRunnerWorker.run(SuiteRunnerWorker.java:86)
	at org.testng.TestNG.runSuitesSequentially(TestNG.java:1185)
	at org.testng.TestNG.runSuitesLocally(TestNG.java:1110)
	at org.testng.TestNG.run(TestNG.java:1018)
	at org.testng.remote.RemoteTestNG.run(RemoteTestNG.java:112)
	at org.testng.remote.RemoteTestNG.initAndRun(RemoteTestNG.java:205)
	at org.testng.remote.RemoteTestNG.main(RemoteTestNG.java:176)
]]>
            </full-stacktrace>
          </exception> <!-- java.lang.RuntimeException -->
          <reporter-output>
          </reporter-output>
        </test-method> <!-- login -->
        <test-method status="PASS" signature="afterMethod()[pri:0, instance:testcases.TC04_EditLead@16e8792]" name="afterMethod" is-config="true" duration-ms="5675" started-at="2016-05-25T07:18:05Z" finished-at="2016-05-25T07:18:11Z">
          <reporter-output>
          </reporter-output>
        </test-method> <!-- afterMethod -->
        <test-method status="PASS" signature="afterTest()[pri:0, instance:testcases.TC04_EditLead@16e8792]" name="afterTest" is-config="true" duration-ms="0" started-at="2016-05-25T07:18:11Z" finished-at="2016-05-25T07:18:11Z">
          <reporter-output>
          </reporter-output>
        </test-method> <!-- afterTest -->
        <test-method status="PASS" signature="afterSuite()[pri:0, instance:testcases.TC04_EditLead@16e8792]" name="afterSuite" is-config="true" duration-ms="1295" started-at="2016-05-25T07:18:11Z" finished-at="2016-05-25T07:18:12Z">
          <reporter-output>
          </reporter-output>
        </test-method> <!-- afterSuite -->
      </class> <!-- testcases.TC04_EditLead -->
    </test> <!-- Default test -->
  </suite> <!-- Default suite -->
</testng-results>
